<?xml version="1.0" encoding="UTF-8"?>
<!-- Generated by org.testng.reporters.JUnitReportReporter -->
<testsuite skipped="0" hostname="LAPTOP-QNPV151A" name="com.Test.TestRegistrationPage" tests="3" failures="0" timestamp="14 Jun 2022 17:52:50 GMT" time="10.490" errors="0">
  <testcase name="verifyUserRegistration" time="3.125" classname="com.Test.TestRegistrationPage"/>
  <testcase name="verifyUserRegistration" time="4.647" classname="com.Test.TestRegistrationPage"/>
  <testcase name="verifyLinkToBackLoginPage" time="2.718" classname="com.Test.TestRegistrationPage"/>
</testsuite> <!-- com.Test.TestRegistrationPage -->
