<?xml version="1.0" encoding="UTF-8"?>
<!-- Generated by org.testng.reporters.JUnitReportReporter -->
<testsuite skipped="0" hostname="LAPTOP-QNPV151A" name="com.Test.TestUserPage" tests="2" failures="0" timestamp="15 Jun 2022 04:36:29 GMT" time="15.954" errors="0">
  <testcase name="verifyAddUser" time="10.132" classname="com.Test.TestUserPage"/>
  <testcase name="verifyAddUser" time="5.822" classname="com.Test.TestUserPage"/>
</testsuite> <!-- com.Test.TestUserPage -->
